0 info it worked if it ends with ok
1 verbose cli [ '/Users/tristanrhodes/.nvm/versions/node/v6.13.1/bin/node',
1 verbose cli   '/Users/tristanrhodes/.nvm/versions/node/v6.13.1/bin/npm',
1 verbose cli   'run',
1 verbose cli   'build' ]
2 info using npm@3.10.10
3 info using node@v6.13.1
4 verbose run-script [ 'prebuild', 'build', 'postbuild' ]
5 info lifecycle challenge_1@1.0.0~prebuild: challenge_1@1.0.0
6 silly lifecycle challenge_1@1.0.0~prebuild: no script for prebuild, continuing
7 info lifecycle challenge_1@1.0.0~build: challenge_1@1.0.0
8 verbose lifecycle challenge_1@1.0.0~build: unsafe-perm in lifecycle true
9 verbose lifecycle challenge_1@1.0.0~build: PATH: /Users/tristanrhodes/.nvm/versions/node/v6.13.1/lib/node_modules/npm/bin/node-gyp-bin:/Users/tristanrhodes/rpt22-mini-apps-2/challenge_1/node_modules/.bin:/Users/tristanrhodes/.nvm/versions/node/v6.13.1/bin:/Users/tristanrhodes/.nvm/versions/node/v10.15.3/bin:/usr/local/bin:/usr/bin:/bin:/usr/sbin:/sbin:/Users/tristanrhodes/.nvm/versions/node/v10.15.3/bin
10 verbose lifecycle challenge_1@1.0.0~build: CWD: /Users/tristanrhodes/rpt22-mini-apps-2/challenge_1
11 silly lifecycle challenge_1@1.0.0~build: Args: [ '-c', 'webpack -d --watch' ]
12 silly lifecycle challenge_1@1.0.0~build: Returned: code: 1  signal: null
13 info lifecycle challenge_1@1.0.0~build: Failed to exec build script
14 verbose stack Error: challenge_1@1.0.0 build: `webpack -d --watch`
14 verbose stack Exit status 1
14 verbose stack     at EventEmitter.<anonymous> (/Users/tristanrhodes/.nvm/versions/node/v6.13.1/lib/node_modules/npm/lib/utils/lifecycle.js:255:16)
14 verbose stack     at emitTwo (events.js:106:13)
14 verbose stack     at EventEmitter.emit (events.js:191:7)
14 verbose stack     at ChildProcess.<anonymous> (/Users/tristanrhodes/.nvm/versions/node/v6.13.1/lib/node_modules/npm/lib/utils/spawn.js:40:14)
14 verbose stack     at emitTwo (events.js:106:13)
14 verbose stack     at ChildProcess.emit (events.js:191:7)
14 verbose stack     at maybeClose (internal/child_process.js:920:16)
14 verbose stack     at Process.ChildProcess._handle.onexit (internal/child_process.js:230:5)
15 verbose pkgid challenge_1@1.0.0
16 verbose cwd /Users/tristanrhodes/rpt22-mini-apps-2/challenge_1/client
17 error Darwin 18.7.0
18 error argv "/Users/tristanrhodes/.nvm/versions/node/v6.13.1/bin/node" "/Users/tristanrhodes/.nvm/versions/node/v6.13.1/bin/npm" "run" "build"
19 error node v6.13.1
20 error npm  v3.10.10
21 error code ELIFECYCLE
22 error challenge_1@1.0.0 build: `webpack -d --watch`
22 error Exit status 1
23 error Failed at the challenge_1@1.0.0 build script 'webpack -d --watch'.
23 error Make sure you have the latest version of node.js and npm installed.
23 error If you do, this is most likely a problem with the challenge_1 package,
23 error not with npm itself.
23 error Tell the author that this fails on your system:
23 error     webpack -d --watch
23 error You can get information on how to open an issue for this project with:
23 error     npm bugs challenge_1
23 error Or if that isn't available, you can get their info via:
23 error     npm owner ls challenge_1
23 error There is likely additional logging output above.
24 verbose exit [ 1, true ]
